生成启动时间为 2018/1/22 9:50:41。
     1>项目“H:\GItHub\osg72\osgcow\osgcow.vcxproj”在节点 2 上(build 个目标)。
     1>InitializeBuildStatus:
         正在创建“Debug\osgcow.unsuccessfulbuild”，因为已指定“AlwaysCreate”。
       ClCompile:
         F:\Software\VS\VC\bin\CL.exe /c /ZI /nologo /W3 /WX- /Od /Oy- /D WIN32 /D _DEBUG /D _CONSOLE /D _UNICODE /D UNICODE /Gm /EHsc /RTC1 /MDd /GS /fp:precise /Zc:wchar_t /Zc:forScope /Fo"Debug\\" /Fd"Debug\vc100.pdb" /Gd /TP /analyze- /errorReport:prompt cow.cpp
         cow.cpp
       ManifestResourceCompile:
         C:\Program Files (x86)\Microsoft SDKs\Windows\v7.0A\bin\rc.exe /nologo /fo"Debug\osgcow.exe.embed.manifest.res" Debug\osgcow_manifest.rc 
       Link:
         F:\Software\VS\VC\bin\link.exe /ERRORREPORT:PROMPT /OUT:"H:\GItHub\osg72\Debug\osgcow.exe" /INCREMENTAL /NOLOGO kernel32.lib user32.lib gdi32.lib winspool.lib comdlg32.lib advapi32.lib shell32.lib ole32.lib oleaut32.lib uuid.lib odbc32.lib odbccp32.lib /MANIFEST /ManifestFile:"Debug\osgcow.exe.intermediate.manifest" /MANIFESTUAC:"level='asInvoker' uiAccess='false'" /DEBUG /PDB:"H:\GItHub\osg72\Debug\osgcow.pdb" /SUBSYSTEM:CONSOLE /TLBID:1 /DYNAMICBASE /NXCOMPAT /IMPLIB:"H:\GItHub\osg72\Debug\osgcow.lib" /MACHINE:X86 Debug\osgcow.exe.embed.manifest.res
         Debug\cow.obj
       Manifest:
         C:\Program Files (x86)\Microsoft SDKs\Windows\v7.0A\bin\mt.exe /nologo /verbose /out:"Debug\osgcow.exe.embed.manifest" /manifest Debug\osgcow.exe.intermediate.manifest
         所有输出均为最新。
       LinkEmbedManifest:
         所有输出均为最新。
         osgcow.vcxproj -> H:\GItHub\osg72\Debug\osgcow.exe
       FinalizeBuildStatus:
         正在删除文件“Debug\osgcow.unsuccessfulbuild”。
         正在对“Debug\osgcow.lastbuildstate”执行 Touch 任务。
     1>已完成生成项目“H:\GItHub\osg72\osgcow\osgcow.vcxproj”(build 个目标)的操作。

生成成功。

已用时间 00:00:12.22
