生成启动时间为 2018/1/18 21:02:35。
     1>项目“C:\Users\_清禾君_\Documents\Visual Studio 2010\osgstudy\osg72\11Hits\11Hits.vcxproj”在节点 2 上(build 个目标)。
     1>InitializeBuildStatus:
         正在创建“Debug\11Hits.unsuccessfulbuild”，因为已指定“AlwaysCreate”。
       ClCompile:
         F:\Software\VS\VC\bin\CL.exe /c /ZI /nologo /W3 /WX- /Od /Oy- /D WIN32 /D _DEBUG /D _CONSOLE /D _UNICODE /D UNICODE /Gm /EHsc /RTC1 /MDd /GS /fp:precise /Zc:wchar_t /Zc:forScope /Fo"Debug\\" /Fd"Debug\vc100.pdb" /Gd /TP /analyze- /errorReport:prompt main.cpp
         main.cpp
       ManifestResourceCompile:
         所有输出均为最新。
       Link:
         F:\Software\VS\VC\bin\link.exe /ERRORREPORT:PROMPT /OUT:"C:\Users\_清禾君_\Documents\Visual Studio 2010\osgstudy\osg72\Debug\11Hits.exe" /INCREMENTAL /NOLOGO kernel32.lib user32.lib gdi32.lib winspool.lib comdlg32.lib advapi32.lib shell32.lib ole32.lib oleaut32.lib uuid.lib odbc32.lib odbccp32.lib /MANIFEST /ManifestFile:"Debug\11Hits.exe.intermediate.manifest" /MANIFESTUAC:"level='asInvoker' uiAccess='false'" /DEBUG /PDB:"C:\Users\_清禾君_\Documents\Visual Studio 2010\osgstudy\osg72\Debug\11Hits.pdb" /SUBSYSTEM:CONSOLE /TLBID:1 /DYNAMICBASE /NXCOMPAT /IMPLIB:"C:\Users\_清禾君_\Documents\Visual Studio 2010\osgstudy\osg72\Debug\11Hits.lib" /MACHINE:X86 Debug\11Hits.exe.embed.manifest.res
         Debug\main.obj
       Manifest:
         C:\Program Files (x86)\Microsoft SDKs\Windows\v7.0A\bin\mt.exe /nologo /verbose /out:"Debug\11Hits.exe.embed.manifest" /manifest Debug\11Hits.exe.intermediate.manifest
         所有输出均为最新。
       LinkEmbedManifest:
         所有输出均为最新。
         11Hits.vcxproj -> C:\Users\_清禾君_\Documents\Visual Studio 2010\osgstudy\osg72\Debug\11Hits.exe
       FinalizeBuildStatus:
         正在删除文件“Debug\11Hits.unsuccessfulbuild”。
         正在对“Debug\11Hits.lastbuildstate”执行 Touch 任务。
     1>已完成生成项目“C:\Users\_清禾君_\Documents\Visual Studio 2010\osgstudy\osg72\11Hits\11Hits.vcxproj”(build 个目标)的操作。

生成成功。

已用时间 00:00:07.21
