生成启动时间为 2018/1/18 16:15:33。
     1>项目“C:\Users\_清禾君_\Documents\Visual Studio 2010\osgstudy\osg72\08MatrixOperation\08MatrixOperation.vcxproj”在节点 2 上(build 个目标)。
     1>InitializeBuildStatus:
         正在创建“Debug\08MatrixOperation.unsuccessfulbuild”，因为已指定“AlwaysCreate”。
       ClCompile:
         F:\Software\VS\VC\bin\CL.exe /c /ZI /nologo /W3 /WX- /Od /Oy- /D WIN32 /D _DEBUG /D _CONSOLE /D _UNICODE /D UNICODE /Gm /EHsc /RTC1 /MDd /GS /fp:precise /Zc:wchar_t /Zc:forScope /Fo"Debug\\" /Fd"Debug\vc100.pdb" /Gd /TP /analyze- /errorReport:prompt MatrixOperation.cpp
         MatrixOperation.cpp
       ManifestResourceCompile:
         所有输出均为最新。
       Link:
         F:\Software\VS\VC\bin\link.exe /ERRORREPORT:PROMPT /OUT:"C:\Users\_清禾君_\Documents\Visual Studio 2010\osgstudy\osg72\Debug\08MatrixOperation.exe" /INCREMENTAL /NOLOGO kernel32.lib user32.lib gdi32.lib winspool.lib comdlg32.lib advapi32.lib shell32.lib ole32.lib oleaut32.lib uuid.lib odbc32.lib odbccp32.lib /MANIFEST /ManifestFile:"Debug\08MatrixOperation.exe.intermediate.manifest" /MANIFESTUAC:"level='asInvoker' uiAccess='false'" /DEBUG /PDB:"C:\Users\_清禾君_\Documents\Visual Studio 2010\osgstudy\osg72\Debug\08MatrixOperation.pdb" /SUBSYSTEM:CONSOLE /TLBID:1 /DYNAMICBASE /NXCOMPAT /IMPLIB:"C:\Users\_清禾君_\Documents\Visual Studio 2010\osgstudy\osg72\Debug\08MatrixOperation.lib" /MACHINE:X86 Debug\08MatrixOperation.exe.embed.manifest.res
         Debug\MatrixOperation.obj
       Manifest:
         C:\Program Files (x86)\Microsoft SDKs\Windows\v7.0A\bin\mt.exe /nologo /verbose /out:"Debug\08MatrixOperation.exe.embed.manifest" /manifest Debug\08MatrixOperation.exe.intermediate.manifest
         所有输出均为最新。
       LinkEmbedManifest:
         所有输出均为最新。
         08MatrixOperation.vcxproj -> C:\Users\_清禾君_\Documents\Visual Studio 2010\osgstudy\osg72\Debug\08MatrixOperation.exe
       FinalizeBuildStatus:
         正在删除文件“Debug\08MatrixOperation.unsuccessfulbuild”。
         正在对“Debug\08MatrixOperation.lastbuildstate”执行 Touch 任务。
     1>已完成生成项目“C:\Users\_清禾君_\Documents\Visual Studio 2010\osgstudy\osg72\08MatrixOperation\08MatrixOperation.vcxproj”(build 个目标)的操作。

生成成功。

已用时间 00:00:05.40
