生成启动时间为 2018/1/23 16:46:24。
     1>项目“H:\GitHub\OSG\osg72\osg72\17OpenThread\17OpenThread.vcxproj”在节点 2 上(build 个目标)。
     1>InitializeBuildStatus:
         正在创建“Debug\17OpenThread.unsuccessfulbuild”，因为已指定“AlwaysCreate”。
       ClCompile:
         F:\Software\VS\VC\bin\CL.exe /c /ZI /nologo /W3 /WX- /Od /Oy- /D WIN32 /D _DEBUG /D _CONSOLE /D _UNICODE /D UNICODE /Gm /EHsc /RTC1 /MDd /GS /fp:precise /Zc:wchar_t /Zc:forScope /Fo"Debug\\" /Fd"Debug\vc100.pdb" /Gd /TP /analyze- /errorReport:prompt main.cpp
         main.cpp
       ManifestResourceCompile:
         C:\Program Files (x86)\Microsoft SDKs\Windows\v7.0A\bin\rc.exe /nologo /fo"Debug\17OpenThread.exe.embed.manifest.res" Debug\17OpenThread_manifest.rc 
       Link:
         F:\Software\VS\VC\bin\link.exe /ERRORREPORT:PROMPT /OUT:"H:\GitHub\OSG\osg72\osg72\Debug\17OpenThread.exe" /INCREMENTAL /NOLOGO kernel32.lib user32.lib gdi32.lib winspool.lib comdlg32.lib advapi32.lib shell32.lib ole32.lib oleaut32.lib uuid.lib odbc32.lib odbccp32.lib /MANIFEST /ManifestFile:"Debug\17OpenThread.exe.intermediate.manifest" /MANIFESTUAC:"level='asInvoker' uiAccess='false'" /DEBUG /PDB:"H:\GitHub\OSG\osg72\osg72\Debug\17OpenThread.pdb" /SUBSYSTEM:CONSOLE /TLBID:1 /DYNAMICBASE /NXCOMPAT /IMPLIB:"H:\GitHub\OSG\osg72\osg72\Debug\17OpenThread.lib" /MACHINE:X86 Debug\17OpenThread.exe.embed.manifest.res
         Debug\main.obj
       Manifest:
         C:\Program Files (x86)\Microsoft SDKs\Windows\v7.0A\bin\mt.exe /nologo /verbose /out:"Debug\17OpenThread.exe.embed.manifest" /manifest Debug\17OpenThread.exe.intermediate.manifest
         C:\Program Files (x86)\Microsoft SDKs\Windows\v7.0A\bin\rc.exe /nologo /fo"Debug\17OpenThread.exe.embed.manifest.res" Debug\17OpenThread_manifest.rc 
       LinkEmbedManifest:
         F:\Software\VS\VC\bin\link.exe /ERRORREPORT:PROMPT /OUT:"H:\GitHub\OSG\osg72\osg72\Debug\17OpenThread.exe" /INCREMENTAL /NOLOGO kernel32.lib user32.lib gdi32.lib winspool.lib comdlg32.lib advapi32.lib shell32.lib ole32.lib oleaut32.lib uuid.lib odbc32.lib odbccp32.lib /MANIFEST /ManifestFile:"Debug\17OpenThread.exe.intermediate.manifest" /MANIFESTUAC:"level='asInvoker' uiAccess='false'" /DEBUG /PDB:"H:\GitHub\OSG\osg72\osg72\Debug\17OpenThread.pdb" /SUBSYSTEM:CONSOLE /TLBID:1 /DYNAMICBASE /NXCOMPAT /IMPLIB:"H:\GitHub\OSG\osg72\osg72\Debug\17OpenThread.lib" /MACHINE:X86 Debug\17OpenThread.exe.embed.manifest.res
         Debug\main.obj
         17OpenThread.vcxproj -> H:\GitHub\OSG\osg72\osg72\Debug\17OpenThread.exe
       FinalizeBuildStatus:
         正在删除文件“Debug\17OpenThread.unsuccessfulbuild”。
         正在对“Debug\17OpenThread.lastbuildstate”执行 Touch 任务。
     1>已完成生成项目“H:\GitHub\OSG\osg72\osg72\17OpenThread\17OpenThread.vcxproj”(build 个目标)的操作。

生成成功。

已用时间 00:00:06.01
